---------- Date: 2013-07-11 15:58:52 ~ IP : 180.76.5.21 ----------
REQUEST URI : /index.php?route=product/search&amp;sort=p.sort_order&amp;order=ASC&amp;filter_tag=medline+industries-med-mds2001
MOD DETAILS:
   modFile   : /home/essekwtz/public_html/vqmod/xml/fix_search_for_product_tag.xml
   id        : FIX_Search_for_product_tag
   version   : 1.5.5.1
   vqmver    : 2.3.0
   author    : maier
SEARCH NOT FOUND (ABORTING MOD): if (isset($this->request->get['search']) || isset($this->request->get['filter_tag'])) {

----------------------------------------------------------------------


---------- Date: 2013-07-11 12:22:23 ~ IP : 180.76.6.227 ----------
REQUEST URI : /index.php?route=product/search&amp;sort=p.sort_order&amp;order=ASC&amp;filter_tag=bbraun+medical+-bbr-bmgv1501
MOD DETAILS:
   modFile   : /home/essekwtz/public_html/vqmod/xml/fix_search_for_product_tag.xml
   id        : FIX_Search_for_product_tag
   version   : 1.5.5.1
   vqmver    : 2.3.0
   author    : maier
SEARCH NOT FOUND (ABORTING MOD): if (isset($this->request->get['search']) || isset($this->request->get['filter_tag'])) {

----------------------------------------------------------------------


---------- Date: 2013-07-11 19:03:43 ~ IP : 198.74.231.14 ----------
REQUEST URI : /index.php?route=product/search&amp;filter_tag=&amp;page=3
MOD DETAILS:
   modFile   : /home/essekwtz/public_html/vqmod/xml/fix_search_for_product_tag.xml
   id        : FIX_Search_for_product_tag
   version   : 1.5.5.1
   vqmver    : 2.3.0
   author    : maier
SEARCH NOT FOUND (ABORTING MOD): if (isset($this->request->get['search']) || isset($this->request->get['filter_tag'])) {

----------------------------------------------------------------------


